Vivado Simulator v2023.2
Copyright 1986-2022 Xilinx, Inc. All Rights Reserved.
Copyright 2022-2023 Advanced Micro Devices, Inc. All Rights Reserved.
Running: C:/Xilinx/Vivado/2023.2/bin/unwrapped/win64.o/xelab.exe --debug typical --relax --mt 2 -L xil_defaultlib -L unisims_ver -L unimacro_ver -L secureip -L xpm --snapshot i2s_demo_top_level_tb_behav xil_defaultlib.i2s_demo_top_level_tb xil_defaultlib.glbl -log elaborate.log 
Using 2 slave threads.
Starting static elaboration
Pass Through NonSizing Optimizer
Completed static elaboration
Starting simulation data flow analysis
Completed simulation data flow analysis
Time Resolution for simulation is 1ps
Compiling package std.standard
Compiling package std.textio
Compiling package ieee.std_logic_1164
Compiling package ieee.numeric_std
Compiling package unisim.vcomponents
Compiling package vl.vl_types
Compiling module xil_defaultlib.glbl
Compiling architecture bufg_v of entity unisim.BUFG [bufg_default]
Compiling architecture ibuf_v of entity unisim.IBUF [\IBUF(1,9)(1,1)(1,4)(1,7)\]
Compiling module unisims_ver.IBUF
Compiling module unisims_ver.PLLE2_ADV(CLKFBOUT_MULT=15,CLKIN...
Compiling module unisims_ver.BUFG
Compiling module xil_defaultlib.clk_wiz_0_clk_wiz
Compiling module xil_defaultlib.clk_wiz_0
Compiling architecture logic of entity xil_defaultlib.i2s_receiver [i2s_receiver_default]
Compiling architecture logic of entity xil_defaultlib.i2s_toplevel [i2s_toplevel_default]
Compiling architecture behavioral of entity xil_defaultlib.BRAM [bram_default]
Compiling architecture rtl of entity xil_defaultlib.UART_TX [uart_tx_default]
Compiling architecture behavioral of entity xil_defaultlib.i2s_demo_top_level [i2s_demo_top_level_default]
Compiling architecture behavior of entity xil_defaultlib.i2s_demo_top_level_tb
Built simulation snapshot i2s_demo_top_level_tb_behav
